<?xml version="1.0" encoding="UTF-8"?>
<testsuite xmlns:xsi="http://www.w3.org/2001/XMLSchema-instance" xsi:noNamespaceSchemaLocation="https://maven.apache.org/surefire/maven-surefire-plugin/xsd/surefire-test-report.xsd" name="com.objis.spring.test.TestSpringDAO" time="4.357" tests="2" errors="0" skipped="0" failures="0">
  <properties>
[...]
</properties>
  <testcase name="testfindTheme" classname="com.objis.spring.test.TestSpringDAO" time="3.835"/>
  <testcase name="testSaveFormation" classname="com.objis.spring.test.TestSpringDAO" time="0.448"/>
</testsuite>